<?xml version="1.0" encoding="UTF-8" ?>
<testsuite failures="0" time="5.079" errors="0" skipped="1" tests="4" name="com.q1a.jdbcprogram.TestJDBCConnection">
  <properties>
    <property name="java.runtime.name" value="Java(TM) SE Runtime Environment"/>
    <property name="sun.boot.library.path" value="C:\jdk1.6\jre\bin"/>
    <property name="java.vm.version" value="17.0-b17"/>
    <property name="java.vm.vendor" value="Sun Microsystems Inc."/>
    <property name="java.vendor.url" value="http://java.sun.com/"/>
    <property name="path.separator" value=";"/>
    <property name="java.vm.name" value="Java HotSpot(TM) 64-Bit Server VM"/>
    <property name="file.encoding.pkg" value="sun.io"/>
    <property name="user.country" value="US"/>
    <property name="sun.java.launcher" value="SUN_STANDARD"/>
    <property name="sun.os.patch.level" value="Service Pack 1"/>
    <property name="java.vm.specification.name" value="Java Virtual Machine Specification"/>
    <property name="user.dir" value="C:\Users\Shruthi\InfoObject\jdbcprogram"/>
    <property name="java.runtime.version" value="1.6.0_21-b07"/>
    <property name="java.awt.graphicsenv" value="sun.awt.Win32GraphicsEnvironment"/>
    <property name="basedir" value="C:\Users\Shruthi\InfoObject\jdbcprogram"/>
    <property name="java.endorsed.dirs" value="C:\jdk1.6\jre\lib\endorsed"/>
    <property name="os.arch" value="amd64"/>
    <property name="surefire.real.class.path" value="C:\Users\Shruthi\InfoObject\jdbcprogram\target\surefire\surefirebooter94664943268888938.jar"/>
    <property name="java.io.tmpdir" value="C:\Users\Shruthi\AppData\Local\Temp\"/>
    <property name="line.separator" value="
"/>
    <property name="java.vm.specification.vendor" value="Sun Microsystems Inc."/>
    <property name="user.variant" value=""/>
    <property name="os.name" value="Windows 7"/>
    <property name="sun.jnu.encoding" value="Cp1252"/>
    <property name="java.library.path" value="C:\jdk1.6\jre\bin;.;C:\windows\Sun\Java\bin;C:\windows\system32;C:\windows;C:/jdk1.6/bin/../jre/bin/server;C:/jdk1.6/bin/../jre/bin;C:/jdk1.6/bin/../jre/lib/amd64;C:\Program Files (x86)\PC Connectivity Solution\;C:\Program Files\Common Files\Microsoft Shared\Windows Live;C:\Program Files (x86)\Common Files\Microsoft Shared\Windows Live;C:\jdk1.6\bin;c:\apache-maven-2.2.1\bin;C:\Program Files (x86)\Windows Live\Shared;c:\Program Files (x86)\Microsoft SQL Server\90\Tools\binn\;C:\Program Files (x86)\QuickTime\QTSystem\;C:\ShruDownloads\eclipse;"/>
    <property name="surefire.test.class.path" value="C:\Users\Shruthi\InfoObject\jdbcprogram\target\test-classes;C:\Users\Shruthi\InfoObject\jdbcprogram\target\classes;C:\Users\Shruthi\.m2\repository\junit\junit\4.8.1\junit-4.8.1.jar;C:\Users\Shruthi\.m2\repository\mysql\mysql-connector-java\5.1.18\mysql-connector-java-5.1.18.jar;"/>
    <property name="java.specification.name" value="Java Platform API Specification"/>
    <property name="java.class.version" value="50.0"/>
    <property name="sun.management.compiler" value="HotSpot 64-Bit Server Compiler"/>
    <property name="os.version" value="6.1"/>
    <property name="user.home" value="C:\Users\Shruthi"/>
    <property name="user.timezone" value="America/Los_Angeles"/>
    <property name="java.awt.printerjob" value="sun.awt.windows.WPrinterJob"/>
    <property name="java.specification.version" value="1.6"/>
    <property name="file.encoding" value="Cp1252"/>
    <property name="user.name" value="Shruthi"/>
    <property name="java.class.path" value="C:\Users\Shruthi\InfoObject\jdbcprogram\target\test-classes;C:\Users\Shruthi\InfoObject\jdbcprogram\target\classes;C:\Users\Shruthi\.m2\repository\junit\junit\4.8.1\junit-4.8.1.jar;C:\Users\Shruthi\.m2\repository\mysql\mysql-connector-java\5.1.18\mysql-connector-java-5.1.18.jar;"/>
    <property name="java.vm.specification.version" value="1.0"/>
    <property name="sun.arch.data.model" value="64"/>
    <property name="java.home" value="C:\jdk1.6\jre"/>
    <property name="java.specification.vendor" value="Sun Microsystems Inc."/>
    <property name="user.language" value="en"/>
    <property name="awt.toolkit" value="sun.awt.windows.WToolkit"/>
    <property name="java.vm.info" value="mixed mode"/>
    <property name="java.version" value="1.6.0_21"/>
    <property name="java.ext.dirs" value="C:\jdk1.6\jre\lib\ext;C:\windows\Sun\Java\lib\ext"/>
    <property name="sun.boot.class.path" value="C:\jdk1.6\jre\lib\resources.jar;C:\jdk1.6\jre\lib\rt.jar;C:\jdk1.6\jre\lib\sunrsasign.jar;C:\jdk1.6\jre\lib\jsse.jar;C:\jdk1.6\jre\lib\jce.jar;C:\jdk1.6\jre\lib\charsets.jar;C:\jdk1.6\jre\classes"/>
    <property name="java.vendor" value="Sun Microsystems Inc."/>
    <property name="localRepository" value="C:\Users\Shruthi\.m2\repository"/>
    <property name="file.separator" value="\"/>
    <property name="java.vendor.url.bug" value="http://java.sun.com/cgi-bin/bugreport.cgi"/>
    <property name="sun.cpu.endian" value="little"/>
    <property name="sun.io.unicode.encoding" value="UnicodeLittle"/>
    <property name="sun.desktop" value="windows"/>
    <property name="sun.cpu.isalist" value="amd64"/>
  </properties>
  <testcase time="0" classname="com.q1a.jdbcprogram.TestJDBCConnection" name="testSelect">
    <skipped/>
  </testcase>
  <testcase time="0.005" classname="com.q1a.jdbcprogram.TestJDBCConnection" name="testSelectWithWhereClause"/>
  <testcase time="0.004" classname="com.q1a.jdbcprogram.TestJDBCConnection" name="testSelectWithPreparedStatement"/>
  <testcase time="0.004" classname="com.q1a.jdbcprogram.TestJDBCConnection" name="testSelectWithPreparedStatementWith2BindVariable"/>
</testsuite>